Arguments: 
  /usr/bin/node /usr/bin/yarn add node-sass

PATH: 
  /home/karra/.local/bin:/usr/local/bin:/usr/bin:/bin:/usr/local/sbin:/usr/bin/site_perl:/usr/bin/vendor_perl:/usr/bin/core_perl:/var/lib/snapd/snap/bin

Yarn version: 
  1.22.19

Node version: 
  14.20.0

Platform: 
  linux x64

Trace: 
  Error: https://registry.yarnpkg.com/retry/-/retry-0.12.0.tgz: Request failed "503 Service Unavailable"
      at ResponseError.ExtendableBuiltin (/usr/lib/node_modules/yarn/lib/cli.js:696:66)
      at new ResponseError (/usr/lib/node_modules/yarn/lib/cli.js:802:124)
      at Request.<anonymous> (/usr/lib/node_modules/yarn/lib/cli.js:66215:16)
      at Request.emit (events.js:400:28)
      at Request.module.exports.Request.onRequestResponse (/usr/lib/node_modules/yarn/lib/cli.js:141767:10)
      at ClientRequest.emit (events.js:400:28)
      at HTTPParser.parserOnIncomingClient (_http_client.js:647:27)
      at HTTPParser.parserOnHeadersComplete (_http_common.js:127:17)
      at HTTPParser.execute (<anonymous>)
      at TLSSocket.socketOnData (_http_client.js:515:22)

npm manifest: 
  {
    "name": "airbnb",
    "version": "0.1.0",
    "private": true,
    "dependencies": {
      "@testing-library/jest-dom": "^5.16.5",
      "@testing-library/react": "^13.3.0",
      "@testing-library/user-event": "^13.5.0",
      "react": "^18.2.0",
      "react-dom": "^18.2.0",
      "react-scripts": "5.0.1",
      "web-vitals": "^2.1.4"
    },
    "scripts": {
      "start": "react-scripts start",
      "build": "react-scripts build",
      "test": "react-scripts test",
      "eject": "react-scripts eject"
    },
    "eslintConfig": {
      "extends": [
        "react-app",
        "react-app/jest"
      ]
    },
    "browserslist": {
      "production": [
        ">0.2%",
        "not dead",
        "not op_mini all"
      ],
      "development": [
        "last 1 chrome version",
        "last 1 firefox version",
        "last 1 safari version"
      ]
    }
  }

yarn manifest: 
  No manifest

Lockfile: 
  No lockfile
